<?xml version="1.0" encoding="UTF-8"?>
<!-- Generated by org.testng.reporters.JUnitReportReporter -->
<testsuite hostname="DESKTOP-PO3T4V3" failures="0" tests="7" name="testCases.API_2_Authorization" time="0.017" errors="0" timestamp="2022-09-23T15:34:36 AMT" skipped="0">
  <testcase classname="testCases.API_2_Authorization" name="AuthorizationValidateStatusCodAuthorizationAPI" time="0.002"/>
  <system-out/>
  <testcase classname="testCases.API_2_Authorization" name="AuthorizationValidateClientIDISNotNull" time="0.002"/>
  <system-out/>
  <testcase classname="testCases.API_2_Authorization" name="AuthorizationValidateCurrencyIDEqualRequestCurrencyIDAndNotNull" time="0.007"/>
  <system-out/>
  <testcase classname="testCases.API_2_Authorization" name="AuthorizationValidateBalanceNotNull" time="0.002"/>
  <system-out/>
  <testcase classname="testCases.API_2_Authorization" name="AuthorizationValidateResponseCodEqualsZero" time="0.001"/>
  <system-out/>
  <testcase classname="testCases.API_2_Authorization" name="AuthorizationValidateDescriptionEqualsNull" time="0.002"/>
  <system-out/>
  <testcase classname="testCases.API_2_Authorization" name="AuthorizationValidateResponseObjectEqualsNull" time="0.001"/>
  <system-out/>
</testsuite> <!-- testCases.API_2_Authorization -->
