<?xml version="1.0" encoding="UTF-8"?>
<!-- Generated by org.testng.reporters.JUnitReportReporter -->
<testsuite hostname="DESKTOP-PO3T4V3" failures="0" tests="10" name="testCases.API_5_Debit" time="3.949" errors="0" timestamp="2022-09-27T17:13:46 AMT" skipped="0">
  <testcase classname="testCases.API_5_Debit" name="DebitAPIValidateStatusCod" time="0.002"/>
  <system-out/>
  <testcase classname="testCases.API_5_Debit" name="DebitAPIValidateResponseCodEqualsZero" time="0.002"/>
  <system-out/>
  <testcase classname="testCases.API_5_Debit" name="DebitAPIValidateDescriptionEqualsNull" time="0.002"/>
  <system-out/>
  <testcase classname="testCases.API_5_Debit" name="DebitAPIValidateResponseObjectEqualsNull" time="0.001"/>
  <system-out/>
  <testcase classname="testCases.API_5_Debit" name="CreditAPIValidateBetIdNotNull" time="0.001"/>
  <system-out/>
  <testcase classname="testCases.API_5_Debit" name="CreditAPIValidateTransactionIdNotNull" time="0.003"/>
  <system-out/>
  <testcase classname="testCases.API_5_Debit" name="CreditAPIValidateClientID" time="0.001"/>
  <system-out/>
  <testcase classname="testCases.API_5_Debit" name="DebitAPIValidateCurrencyIdNotNull" time="0.002"/>
  <system-out/>
  <testcase classname="testCases.API_5_Debit" name="CreditAPIValidateBalance" time="3.638"/>
  <system-out/>
  <testcase classname="testCases.API_5_Debit" name="CreditAPIValidateBalanceAfterCreditGetBalance" time="0.297"/>
  <system-out/>
</testsuite> <!-- testCases.API_5_Debit -->
