<?xml version="1.0" encoding="UTF-8"?>
<!-- Generated by org.testng.reporters.JUnitReportReporter -->
<testsuite hostname="DESKTOP-PO3T4V3" failures="0" tests="7" name="testCases.API_3_GetBalance" time="0.018" errors="0" timestamp="2022-09-27T17:13:46 AMT" skipped="0">
  <testcase classname="testCases.API_3_GetBalance" name="GetBalanceAPIValidateStatusCod" time="0.006"/>
  <system-out/>
  <testcase classname="testCases.API_3_GetBalance" name="GetBalanceAPIValidateClientIDISNotNull" time="0.003"/>
  <system-out/>
  <testcase classname="testCases.API_3_GetBalance" name="GetBalanceAPIValidateCurrencyIDEqualRequestCurrencyIDAndNotNull" time="0.002"/>
  <system-out/>
  <testcase classname="testCases.API_3_GetBalance" name="GetBalanceAPIValidateBalanceNotNull" time="0.002"/>
  <system-out/>
  <testcase classname="testCases.API_3_GetBalance" name="GetBalanceAPIValidateResponseCodEqualsZero" time="0.001"/>
  <system-out/>
  <testcase classname="testCases.API_3_GetBalance" name="GetBalanceAPIValidateDescriptionEqualsNull" time="0.003"/>
  <system-out/>
  <testcase classname="testCases.API_3_GetBalance" name="GetBalanceAPIValidateResponseObjectEqualsNull" time="0.001"/>
  <system-out/>
</testsuite> <!-- testCases.API_3_GetBalance -->
