<?xml version="1.0" encoding="UTF-8"?>
<!-- Generated by org.testng.reporters.JUnitReportReporter -->
<testsuite hostname="DESKTOP-PO3T4V3" failures="0" tests="4" name="testCases.API_4_Credit" time="0.034" errors="0" timestamp="2022-09-23T17:17:52 AMT" skipped="0">
  <testcase classname="testCases.API_4_Credit" name="CreditAPIValidateStatusCod" time="0.013"/>
  <system-out/>
  <testcase classname="testCases.API_4_Credit" name="CreditAPIValidateResponseCodEqualsZero" time="0.009"/>
  <system-out/>
  <testcase classname="testCases.API_4_Credit" name="CreditAPIValidateDescriptionEqualsNull" time="0.004"/>
  <system-out/>
  <testcase classname="testCases.API_4_Credit" name="CreditAPIValidateResponseObjectEqualsNull" time="0.008"/>
  <system-out/>
</testsuite> <!-- testCases.API_4_Credit -->
