<?xml version="1.0" encoding="UTF-8"?>
<!-- Generated by org.testng.reporters.JUnitReportReporter -->
<testsuite hostname="DESKTOP-PO3T4V3" failures="0" tests="5" name="testCases.API_1_GetUrl" time="0.031" errors="0" timestamp="2022-09-23T15:34:36 AMT" skipped="0">
  <testcase classname="testCases.API_1_GetUrl" name="getUrlValidateStatusCodGameLaunchAPI" time="0.021"/>
  <system-out/>
  <testcase classname="testCases.API_1_GetUrl" name="getUrlValidateResponseCodEqualsZero" time="0.001"/>
  <system-out/>
  <testcase classname="testCases.API_1_GetUrl" name="getUrlValidateDescriptionNotNull" time="0.002"/>
  <system-out/>
  <testcase classname="testCases.API_1_GetUrl" name="getUrlValidateResponseObjectContainsHTTP" time="0.004"/>
  <system-out/>
  <testcase classname="testCases.API_1_GetUrl" name="getUrlValidateAuthorizationTokenNotNull" time="0.003"/>
  <system-out/>
</testsuite> <!-- testCases.API_1_GetUrl -->
