<?xml version="1.0" encoding="UTF-8"?>
<!-- Generated by org.testng.reporters.JUnitReportReporter -->
<testsuite hostname="DESKTOP-PO3T4V3" failures="0" tests="10" name="testCases.API_4_Credit" time="4.563" errors="0" timestamp="2022-09-27T17:13:46 AMT" skipped="0">
  <testcase classname="testCases.API_4_Credit" name="CreditAPIValidateStatusCod" time="0.006"/>
  <system-out/>
  <testcase classname="testCases.API_4_Credit" name="CreditAPIValidateResponseCodEqualsZero" time="0.002"/>
  <system-out/>
  <testcase classname="testCases.API_4_Credit" name="CreditAPIValidateDescriptionEqualsNull" time="0.002"/>
  <system-out/>
  <testcase classname="testCases.API_4_Credit" name="CreditAPIValidateResponseObjectEqualsNull" time="0.002"/>
  <system-out/>
  <testcase classname="testCases.API_4_Credit" name="CreditAPIValidateBetIdNotNull" time="0.001"/>
  <system-out/>
  <testcase classname="testCases.API_4_Credit" name="CreditAPIValidateTransactionIdNotNull" time="0.002"/>
  <system-out/>
  <testcase classname="testCases.API_4_Credit" name="CreditAPIValidateClientID" time="0.003"/>
  <system-out/>
  <testcase classname="testCases.API_4_Credit" name="CreditAPIValidateCurrencyIdNotNull" time="0.002"/>
  <system-out/>
  <testcase classname="testCases.API_4_Credit" name="CreditAPIValidateBalance" time="4.206"/>
  <system-out/>
  <testcase classname="testCases.API_4_Credit" name="CreditAPIValidateBalanceAfterCreditGetBalance" time="0.337"/>
  <system-out/>
</testsuite> <!-- testCases.API_4_Credit -->
