<?xml version="1.0" encoding="UTF-8"?>
<!-- Generated by org.testng.reporters.JUnitReportReporter -->
<testsuite hostname="DESKTOP-PO3T4V3" failures="0" tests="7" name="testCases.API_2_Authorization" time="0.029" errors="0" timestamp="2022-09-23T13:49:38 AMT" skipped="0">
  <testcase classname="testCases.API_2_Authorization" name="validateStatusCodAuthorizationAPI" time="0.004"/>
  <system-out/>
  <testcase classname="testCases.API_2_Authorization" name="validateClientIDISNotNull" time="0.001"/>
  <system-out/>
  <testcase classname="testCases.API_2_Authorization" name="validateCurrencyIDEqualRequestCurrencyIDAndNotNull" time="0.011"/>
  <system-out/>
  <testcase classname="testCases.API_2_Authorization" name="validateBalance" time="0.002"/>
  <system-out/>
  <testcase classname="testCases.API_2_Authorization" name="validateResponseCodEqualsZero" time="0.007"/>
  <system-out/>
  <testcase classname="testCases.API_2_Authorization" name="validateDescriptionNotNull" time="0.001"/>
  <system-out/>
  <testcase classname="testCases.API_2_Authorization" name="validateResponseObjectEqualsNull" time="0.003"/>
  <system-out/>
</testsuite> <!-- testCases.API_2_Authorization -->
