<?xml version="1.0" encoding="UTF-8"?>
<!-- Generated by org.testng.reporters.JUnitReportReporter -->
<testsuite hostname="DESKTOP-PO3T4V3" failures="0" tests="5" name="testCases.API_1_GetUrl" time="0.047" errors="0" timestamp="2022-09-23T13:49:38 AMT" skipped="0">
  <testcase classname="testCases.API_1_GetUrl" name="validateStatusCodGameLaunchAPI" time="0.035"/>
  <system-out/>
  <testcase classname="testCases.API_1_GetUrl" name="validateResponseCodEqualsZero" time="0.004"/>
  <system-out/>
  <testcase classname="testCases.API_1_GetUrl" name="validateDescriptionNotNull" time="0.001"/>
  <system-out/>
  <testcase classname="testCases.API_1_GetUrl" name="validateResponseObjectContainsHTTP" time="0.005"/>
  <system-out/>
  <testcase classname="testCases.API_1_GetUrl" name="validateAuthorizationTokenNotNull" time="0.002"/>
  <system-out/>
</testsuite> <!-- testCases.API_1_GetUrl -->
