<?xml version="1.0" encoding="UTF-8"?>
<!-- Generated by org.testng.reporters.JUnitReportReporter -->
<testsuite hostname="DESKTOP-PO3T4V3" failures="0" tests="7" name="testCases.API_3_GetBalance" time="0.011" errors="0" timestamp="2022-09-23T15:34:36 AMT" skipped="0">
  <testcase classname="testCases.API_3_GetBalance" name="validateStatusCodGetBalanceAPI" time="0.002"/>
  <system-out/>
  <testcase classname="testCases.API_3_GetBalance" name="GetBalanceValidateClientIDISNotNull" time="0.002"/>
  <system-out/>
  <testcase classname="testCases.API_3_GetBalance" name="GetBalanceValidateCurrencyIDEqualRequestCurrencyIDAndNotNull" time="0.001"/>
  <system-out/>
  <testcase classname="testCases.API_3_GetBalance" name="GetBalanceValidateBalanceNotNull" time="0.001"/>
  <system-out/>
  <testcase classname="testCases.API_3_GetBalance" name="GetBalanceValidateResponseCodEqualsZero" time="0.002"/>
  <system-out/>
  <testcase classname="testCases.API_3_GetBalance" name="GetBalanceValidateDescriptionEqualsNull" time="0.001"/>
  <system-out/>
  <testcase classname="testCases.API_3_GetBalance" name="GetBalanceValidateResponseObjectEqualsNull" time="0.002"/>
  <system-out/>
</testsuite> <!-- testCases.API_3_GetBalance -->
