<?xml version="1.0" encoding="UTF-8"?>
<!-- Generated by org.testng.reporters.JUnitReportReporter -->
<testsuite hostname="DESKTOP-PO3T4V3" failures="0" tests="7" name="testCases.API_2_Authorization" time="0.017" errors="0" timestamp="2022-09-27T17:13:46 AMT" skipped="0">
  <testcase classname="testCases.API_2_Authorization" name="AuthorizationAPIValidateStatusCod" time="0.001"/>
  <system-out/>
  <testcase classname="testCases.API_2_Authorization" name="AuthorizationAPIValidateClientIDISNotNull" time="0.001"/>
  <system-out/>
  <testcase classname="testCases.API_2_Authorization" name="AuthorizationAPIValidateCurrencyIDEqualRequestCurrencyIDAndNotNull" time="0.008"/>
  <system-out/>
  <testcase classname="testCases.API_2_Authorization" name="AuthorizationAPIValidateBalanceNotNull" time="0.000"/>
  <system-out/>
  <testcase classname="testCases.API_2_Authorization" name="AuthorizationAPIValidateResponseCodEqualsZero" time="0.002"/>
  <system-out/>
  <testcase classname="testCases.API_2_Authorization" name="AuthorizationAPIValidateDescriptionEqualsNull" time="0.002"/>
  <system-out/>
  <testcase classname="testCases.API_2_Authorization" name="AuthorizationAPIValidateResponseObjectEqualsNull" time="0.003"/>
  <system-out/>
</testsuite> <!-- testCases.API_2_Authorization -->
