<?xml version="1.0" encoding="UTF-8"?>
<!-- Generated by org.testng.reporters.JUnitReportReporter -->
<testsuite hostname="DESKTOP-PO3T4V3" failures="0" tests="5" name="testCases.API_1_GetUrl" time="0.035" errors="0" timestamp="2022-09-27T17:13:46 AMT" skipped="0">
  <testcase classname="testCases.API_1_GetUrl" name="getUrlAPIValidateStatusCod" time="0.025"/>
  <system-out/>
  <testcase classname="testCases.API_1_GetUrl" name="getUrlAPIValidateResponseCodEqualsZero" time="0.001"/>
  <system-out/>
  <testcase classname="testCases.API_1_GetUrl" name="getUrlAPIValidateDescriptionNotNull" time="0.002"/>
  <system-out/>
  <testcase classname="testCases.API_1_GetUrl" name="getUrlAPIValidateResponseObjectContainsHTTP" time="0.005"/>
  <system-out/>
  <testcase classname="testCases.API_1_GetUrl" name="getUrlAPIValidateAuthorizationTokenNotNull" time="0.002"/>
  <system-out/>
</testsuite> <!-- testCases.API_1_GetUrl -->
