<?xml version="1.0" encoding="UTF-8"?>
<testsuite name="TestSuite" time="8.747" tests="39" errors="0" skipped="0" failures="0">
  <properties>
    <property name="java.runtime.name" value="Java(TM) SE Runtime Environment"/>
    <property name="java.vm.version" value="17.0.2+8-LTS-86"/>
    <property name="sun.boot.library.path" value="C:\Program Files\Java\jdk-17.0.2\bin"/>
    <property name="maven.multiModuleProjectDirectory" value="C:\Users\Nerses Khachatryan\Desktop\WinSystem_APIIntegration\WinSistem_APIIntegration\IQsoft_API_Integration-main\IQSoftAPI_Integration_QA"/>
    <property name="java.vm.vendor" value="Oracle Corporation"/>
    <property name="java.vendor.url" value="https://java.oracle.com/"/>
    <property name="guice.disable.misplaced.annotation.check" value="true"/>
    <property name="path.separator" value=";"/>
    <property name="java.vm.name" value="Java HotSpot(TM) 64-Bit Server VM"/>
    <property name="sun.os.patch.level" value=""/>
    <property name="user.script" value=""/>
    <property name="user.country" value="US"/>
    <property name="sun.java.launcher" value="SUN_STANDARD"/>
    <property name="java.vm.specification.name" value="Java Virtual Machine Specification"/>
    <property name="user.dir" value="C:\Users\Nerses Khachatryan\Desktop\WinSystem_APIIntegration\WinSistem_APIIntegration\IQsoft_API_Integration-main\IQSoftAPI_Integration_QA"/>
    <property name="java.vm.compressedOopsMode" value="32-bit"/>
    <property name="java.runtime.version" value="17.0.2+8-LTS-86"/>
    <property name="os.arch" value="amd64"/>
    <property name="java.io.tmpdir" value="C:\Users\NERSES~1\AppData\Local\Temp\"/>
    <property name="line.separator" value="&#10;"/>
    <property name="java.vm.specification.vendor" value="Oracle Corporation"/>
    <property name="user.variant" value=""/>
    <property name="os.name" value="Windows 10"/>
    <property name="classworlds.conf" value="C:\apache-maven-3.8.6-bin\apache-maven-3.8.6\bin\m2.conf"/>
    <property name="sun.jnu.encoding" value="Cp1252"/>
    <property name="java.library.path" value="C:\Program Files\Java\jdk-17.0.2\bin;C:\WINDOWS\Sun\Java\bin;C:\WINDOWS\system32;C:\WINDOWS;C:\Program Files\Common Files\Oracle\Java\javapath;C:\WINDOWS\system32;C:\WINDOWS;C:\WINDOWS\System32\Wbem;C:\WINDOWS\System32\WindowsPowerShell\v1.0\;C:\WINDOWS\System32\OpenSSH\;C:\Program Files\dotnet\;C:\Program Files\Microsoft SQL Server\130\Tools\Binn\;C:\Program Files\Microsoft SQL Server\Client SDK\ODBC\170\Tools\Binn\;C:\Program Files (x86)\Microsoft SQL Server\150\Tools\Binn\;C:\Program Files\Microsoft SQL Server\150\Tools\Binn\;C:\Program Files\Microsoft SQL Server\150\DTS\Binn\;C:\Program Files (x86)\Microsoft SQL Server\150\DTS\Binn\;C:\Program Files\Seq\;C:\Program Files\Seq\Client\;C:\Program Files\Java\jdk-17.0.2\bin;C:\Program Files\Common Files\Oracle\Java\javapath;C:\Program Files\nodejs\;C:\apache-maven-3.8.6-bin\apache-maven-3.8.6\bin;C:\apache-maven-3.8.6-bin\apache-maven-3.8.6;%M2_HOME%\bin;C:\Program Files\Git\cmd;C:\Users\Nerses Khachatryan\AppData\Local\Microsoft\WindowsApps;C:\Users\Nerses Khachatryan\AppData\Roaming\npm;."/>
    <property name="maven.conf" value="C:\apache-maven-3.8.6-bin\apache-maven-3.8.6/conf"/>
    <property name="jdk.debug" value="release"/>
    <property name="java.class.version" value="61.0"/>
    <property name="java.specification.name" value="Java Platform API Specification"/>
    <property name="sun.management.compiler" value="HotSpot 64-Bit Tiered Compilers"/>
    <property name="os.version" value="10.0"/>
    <property name="library.jansi.path" value="C:\apache-maven-3.8.6-bin\apache-maven-3.8.6\lib\jansi-native"/>
    <property name="user.home" value="C:\Users\Nerses Khachatryan"/>
    <property name="user.timezone" value="Asia/Yerevan"/>
    <property name="file.encoding" value="Cp1252"/>
    <property name="java.specification.version" value="17"/>
    <property name="user.name" value="Nerses Khachatryan"/>
    <property name="java.class.path" value="C:\apache-maven-3.8.6-bin\apache-maven-3.8.6\boot\plexus-classworlds-2.6.0.jar"/>
    <property name="java.vm.specification.version" value="17"/>
    <property name="sun.arch.data.model" value="64"/>
    <property name="sun.java.command" value="org.codehaus.plexus.classworlds.launcher.Launcher clean install"/>
    <property name="java.home" value="C:\Program Files\Java\jdk-17.0.2"/>
    <property name="user.language" value="en"/>
    <property name="java.specification.vendor" value="Oracle Corporation"/>
    <property name="java.vm.info" value="mixed mode, sharing"/>
    <property name="java.version" value="17.0.2"/>
    <property name="native.encoding" value="Cp1252"/>
    <property name="java.vendor" value="Oracle Corporation"/>
    <property name="sun.stderr.encoding" value="cp437"/>
    <property name="maven.home" value="C:\apache-maven-3.8.6-bin\apache-maven-3.8.6"/>
    <property name="file.separator" value="\"/>
    <property name="java.version.date" value="2022-01-18"/>
    <property name="java.vendor.url.bug" value="https://bugreport.java.com/bugreport/"/>
    <property name="sun.io.unicode.encoding" value="UnicodeLittle"/>
    <property name="sun.cpu.endian" value="little"/>
    <property name="sun.stdout.encoding" value="cp437"/>
    <property name="sun.cpu.isalist" value="amd64"/>
  </properties>
  <testcase name="getUrlAPIValidateStatusCod" classname="testCases.API_1_GetUrl" time="0.095"/>
  <testcase name="getUrlAPIValidateResponseCodEqualsZero" classname="testCases.API_1_GetUrl" time="0.004"/>
  <testcase name="getUrlAPIValidateDescriptionNotNull" classname="testCases.API_1_GetUrl" time="0.003"/>
  <testcase name="getUrlAPIValidateResponseObjectContainsHTTP" classname="testCases.API_1_GetUrl" time="0.006"/>
  <testcase name="getUrlAPIValidateAuthorizationTokenNotNull" classname="testCases.API_1_GetUrl" time="0.005"/>
  <testcase name="AuthorizationAPIValidateStatusCod" classname="testCases.API_2_Authorization" time="0.003"/>
  <testcase name="AuthorizationAPIValidateClientIDISNotNull" classname="testCases.API_2_Authorization" time="0.003"/>
  <testcase name="AuthorizationAPIValidateCurrencyIDEqualRequestCurrencyIDAndNotNull" classname="testCases.API_2_Authorization" time="0.009"/>
  <testcase name="AuthorizationAPIValidateBalanceNotNull" classname="testCases.API_2_Authorization" time="0.002"/>
  <testcase name="AuthorizationAPIValidateResponseCodEqualsZero" classname="testCases.API_2_Authorization" time="0.003"/>
  <testcase name="AuthorizationAPIValidateDescriptionEqualsNull" classname="testCases.API_2_Authorization" time="0.003"/>
  <testcase name="AuthorizationAPIValidateResponseObjectEqualsNull" classname="testCases.API_2_Authorization" time="0.006"/>
  <testcase name="GetBalanceAPIValidateStatusCod" classname="testCases.API_3_GetBalance" time="0.006"/>
  <testcase name="GetBalanceAPIValidateClientIDISNotNull" classname="testCases.API_3_GetBalance" time="0.017"/>
  <testcase name="GetBalanceAPIValidateCurrencyIDEqualRequestCurrencyIDAndNotNull" classname="testCases.API_3_GetBalance" time="0.005"/>
  <testcase name="GetBalanceAPIValidateBalanceNotNull" classname="testCases.API_3_GetBalance" time="0.007"/>
  <testcase name="GetBalanceAPIValidateResponseCodEqualsZero" classname="testCases.API_3_GetBalance" time="0.003"/>
  <testcase name="GetBalanceAPIValidateDescriptionEqualsNull" classname="testCases.API_3_GetBalance" time="0.005"/>
  <testcase name="GetBalanceAPIValidateResponseObjectEqualsNull" classname="testCases.API_3_GetBalance" time="0.003"/>
  <testcase name="CreditAPIValidateStatusCod" classname="testCases.API_4_Credit" time="0.004"/>
  <testcase name="CreditAPIValidateResponseCodEqualsZero" classname="testCases.API_4_Credit" time="0.001"/>
  <testcase name="CreditAPIValidateDescriptionEqualsNull" classname="testCases.API_4_Credit" time="0.007"/>
  <testcase name="CreditAPIValidateResponseObjectEqualsNull" classname="testCases.API_4_Credit" time="0.007"/>
  <testcase name="CreditAPIValidateBetIdNotNull" classname="testCases.API_4_Credit" time="0.003"/>
  <testcase name="CreditAPIValidateTransactionIdNotNull" classname="testCases.API_4_Credit" time="0.005"/>
  <testcase name="CreditAPIValidateClientID" classname="testCases.API_4_Credit" time="0.008"/>
  <testcase name="CreditAPIValidateCurrencyIdNotNull" classname="testCases.API_4_Credit" time="0.013"/>
  <testcase name="CreditAPIValidateBalance" classname="testCases.API_4_Credit" time="4.199"/>
  <testcase name="CreditAPIValidateBalanceAfterCreditGetBalance" classname="testCases.API_4_Credit" time="0.343"/>
  <testcase name="DebitAPIValidateStatusCod" classname="testCases.API_5_Debit" time="0.002"/>
  <testcase name="DebitAPIValidateResponseCodEqualsZero" classname="testCases.API_5_Debit" time="0.003"/>
  <testcase name="DebitAPIValidateDescriptionEqualsNull" classname="testCases.API_5_Debit" time="0.005"/>
  <testcase name="DebitAPIValidateResponseObjectEqualsNull" classname="testCases.API_5_Debit" time="0.003"/>
  <testcase name="CreditAPIValidateBetIdNotNull" classname="testCases.API_5_Debit" time="0.003"/>
  <testcase name="CreditAPIValidateTransactionIdNotNull" classname="testCases.API_5_Debit" time="0.006"/>
  <testcase name="CreditAPIValidateClientID" classname="testCases.API_5_Debit" time="0.003"/>
  <testcase name="DebitAPIValidateCurrencyIdNotNull" classname="testCases.API_5_Debit" time="0.003"/>
  <testcase name="CreditAPIValidateBalance" classname="testCases.API_5_Debit" time="3.641"/>
  <testcase name="CreditAPIValidateBalanceAfterCreditGetBalance" classname="testCases.API_5_Debit" time="0.3"/>
</testsuite>